{"content": {"suites": {"0": {"status": {"total_pass": 2, "total_skip": 0, "total_xpass": 0, "total_xfail": 0, "total_rerun": 0, "total_fail": 2, "total_error": 0}, "tests": {"0": {"status": "PASS", "message": "", "test_name": "test_verify_search_bar_autocomplete", "rerun": "0"}, "1": {"status": "FAIL", "message": "   selenium.common.exceptions.NoSuchElementException: Message: no such element: Unable to locate element: {\"method\":\"link text\",\"selector\":\"Load More\"}\n     (Session info: chrome=91.0.4472.101)\n", "test_name": "test_verify_the_creative", "rerun": "0"}, "2": {"status": "PASS", "message": "", "test_name": "test_verify_the_share_link", "rerun": "0"}, "3": {"status": "FAIL", "message": "   AssertionError\n", "test_name": "test_random_text_link", "rerun": "0"}}, "suite_name": "test_moats.py"}}}, "date": "June 11, 2021", "start_time": 1623465617, "total_suite": 1, "status": "FAIL", "status_list": {"pass": "2", "fail": "2", "skip": "0", "error": "0", "xpass": "0", "xfail": "0", "rerun": "0"}, "total_tests": "4"}